BEGIN;
BEGIN
EXPLAIN (ANALYZE, BUFFERS)
select
	c_custkey,
	c_name,
	sum(l_extendedprice * (1 - l_discount)) as revenue,
	c_acctbal,
	n_name,
	c_address,
	c_phone,
	c_comment
from
	customer,
	orders,
	lineitem,
	nation
where
	c_custkey = o_custkey
	and l_orderkey = o_orderkey
	and o_orderdate >= date '1993-03-01'
	and o_orderdate < cast(date '1993-03-01' + interval '3 month' as date)
	and l_returnflag = 'R'
	and c_nationkey = n_nationkey
group by
	c_custkey,
	c_name,
	c_acctbal,
	c_phone,
	n_name,
	c_address,
	c_comment
order by
	revenue desc
LIMIT 20;
                                                                                               QUERY PLAN                                                                                                
---------------------------------------------------------------------------------------------------------------------------------------------------------------------------------------------------------
 Limit  (cost=2273788.78..2273788.83 rows=20 width=175) (actual time=31470.262..31470.266 rows=20 loops=1)
   Buffers: shared hit=710832 read=644456
   ->  Sort  (cost=2273788.78..2275204.54 rows=566303 width=175) (actual time=31470.261..31470.263 rows=20 loops=1)
         Sort Key: (sum((lineitem.l_extendedprice * (1::double precision - lineitem.l_discount))))
         Sort Method: top-N heapsort  Memory: 30kB
         Buffers: shared hit=710832 read=644456
         ->  HashAggregate  (cost=2253056.63..2258719.66 rows=566303 width=175) (actual time=31140.465..31332.174 rows=382260 loops=1)
               Group Key: customer.c_custkey, customer.c_name, customer.c_acctbal, customer.c_phone, nation.n_name, customer.c_address, customer.c_comment
               Buffers: shared hit=710829 read=644456
               ->  Hash Join  (cost=344193.05..2238899.06 rows=566303 width=175) (actual time=6424.823..29215.884 rows=1149301 loops=1)
                     Hash Cond: (customer.c_nationkey = nation.n_nationkey)
                     Buffers: shared hit=710829 read=644456
                     ->  Hash Join  (cost=344191.49..2231110.83 rows=566303 width=153) (actual time=6424.796..28800.769 rows=1149301 loops=1)
                           Hash Cond: (orders.o_custkey = customer.c_custkey)
                           Buffers: shared hit=710828 read=644456
                           ->  Hash Join  (cost=275163.49..2153588.29 rows=566303 width=12) (actual time=5078.860..26674.222 rows=1149301 loops=1)
                                 Hash Cond: (lineitem.l_orderkey = orders.o_orderkey)
                                 Buffers: shared hit=675550 read=644456
                                 ->  Seq Scan on lineitem  (cost=0.00..1817038.30 rows=14859591 width=12) (actual time=0.011..18431.092 rows=14822992 loops=1)
                                       Filter: (l_returnflag = 'R'::bpchar)
                                       Rows Removed by Filter: 45222677
                                       Buffers: shared hit=422660 read=643813
                                 ->  Hash  (cost=268010.68..268010.68 rows=572225 width=8) (actual time=5075.201..5075.201 rows=573915 loops=1)
                                       Buckets: 1048576  Batches: 1  Memory Usage: 30611kB
                                       Buffers: shared hit=252890 read=643
                                       ->  Bitmap Heap Scan on orders  (cost=5905.30..268010.68 rows=572225 width=8) (actual time=27.764..4886.646 rows=573915 loops=1)
                                             Recheck Cond: ((o_orderdate >= '1993-03-01'::date) AND (o_orderdate < '1993-06-01'::date))
                                             Rows Removed by Index Recheck: 14441085
                                             Heap Blocks: lossy=253522
                                             Buffers: shared hit=252890 read=643
                                             ->  Bitmap Index Scan on orders_o_orderkey_o_orderdate_brin_idx  (cost=0.00..5762.25 rows=572225 width=0) (actual time=27.592..27.592 rows=2535680 loops=1)
                                                   Index Cond: ((o_orderdate >= '1993-03-01'::date) AND (o_orderdate < '1993-06-01'::date))
                                                   Buffers: shared hit=5 read=6
                           ->  Hash  (cost=50278.00..50278.00 rows=1500000 width=145) (actual time=1339.863..1339.863 rows=1500000 loops=1)
                                 Buckets: 2097152  Batches: 1  Memory Usage: 281501kB
                                 Buffers: shared hit=35278
                                 ->  Seq Scan on customer  (cost=0.00..50278.00 rows=1500000 width=145) (actual time=0.007..551.550 rows=1500000 loops=1)
                                       Buffers: shared hit=35278
                     ->  Hash  (cost=1.25..1.25 rows=25 width=30) (actual time=0.019..0.019 rows=25 loops=1)
                           Buckets: 1024  Batches: 1  Memory Usage: 10kB
                           Buffers: shared hit=1
                           ->  Seq Scan on nation  (cost=0.00..1.25 rows=25 width=30) (actual time=0.005..0.008 rows=25 loops=1)
                                 Buffers: shared hit=1
 Planning time: 4.181 ms
 Execution time: 31478.989 ms
(45 rows)

COMMIT;
COMMIT
