BEGIN;
BEGIN
EXPLAIN (ANALYZE, BUFFERS)
select
	l_shipmode,
	sum(case
		when o_orderpriority = '1-URGENT'
			or o_orderpriority = '2-HIGH'
			then 1
		else 0
	end) as high_line_count,
	sum(case
		when o_orderpriority <> '1-URGENT'
			and o_orderpriority <> '2-HIGH'
			then 1
		else 0
	end) as low_line_count
from
	orders,
	lineitem
where
	o_orderkey = l_orderkey
	and l_shipmode in ('AIR', 'TRUCK')
	and l_commitdate < l_receiptdate
	and l_shipdate < l_commitdate
	and l_receiptdate >= date '1996-01-01'
	and l_receiptdate < date '1996-01-01' + interval '1 year'
group by
	l_shipmode
order by
	l_shipmode;
                                                                                                                            QUERY PLAN                                                                                                                            
------------------------------------------------------------------------------------------------------------------------------------------------------------------------------------------------------------------------------------------------------------------
 Sort  (cost=3022894.96..3022894.97 rows=1 width=27) (actual time=34608.515..34608.515 rows=2 loops=1)
   Sort Key: lineitem.l_shipmode
   Sort Method: quicksort  Memory: 25kB
   Buffers: shared hit=763177 read=556826
   ->  HashAggregate  (cost=3022894.95..3022894.96 rows=1 width=27) (actual time=34608.465..34608.465 rows=2 loops=1)
         Group Key: lineitem.l_shipmode
         Buffers: shared hit=763172 read=556826
         ->  Hash Join  (cost=591359.14..3017853.06 rows=288108 width=27) (actual time=9469.530..34282.398 rows=312893 loops=1)
               Hash Cond: (lineitem.l_orderkey = orders.o_orderkey)
               Buffers: shared hit=763172 read=556826
               ->  Seq Scan on lineitem  (cost=0.00..2417490.54 rows=288108 width=15) (actual time=0.087..24413.180 rows=312893 loops=1)
                     Filter: ((l_shipmode = ANY ('{AIR,TRUCK}'::bpchar[])) AND (l_commitdate < l_receiptdate) AND (l_shipdate < l_commitdate) AND (l_receiptdate >= '1996-01-01'::date) AND (l_receiptdate < '1997-01-01 00:00:00'::timestamp without time zone))
                     Rows Removed by Filter: 59732776
                     Buffers: shared hit=593484 read=472989
               ->  Hash  (cost=403671.84..403671.84 rows=15014984 width=20) (actual time=9424.488..9424.488 rows=15015000 loops=1)
                     Buckets: 16777216  Batches: 1  Memory Usage: 893553kB
                     Buffers: shared hit=169685 read=83837
                     ->  Seq Scan on orders  (cost=0.00..403671.84 rows=15014984 width=20) (actual time=0.006..4704.794 rows=15015000 loops=1)
                           Buffers: shared hit=169685 read=83837
 Planning time: 3.986 ms
 Execution time: 34612.759 ms
(21 rows)

COMMIT;
COMMIT
