BEGIN;
BEGIN
EXPLAIN (ANALYZE, BUFFERS)
select
	c_custkey,
	c_name,
	sum(l_extendedprice * (1 - l_discount)) as revenue,
	c_acctbal,
	n_name,
	c_address,
	c_phone,
	c_comment
from
	customer,
	orders,
	lineitem,
	nation
where
	c_custkey = o_custkey
	and l_orderkey = o_orderkey
	and o_orderdate >= date '1993-06-01'
	and o_orderdate < cast(date '1993-06-01' + interval '3 month' as date)
	and l_returnflag = 'R'
	and c_nationkey = n_nationkey
group by
	c_custkey,
	c_name,
	c_acctbal,
	c_phone,
	n_name,
	c_address,
	c_comment
order by
	revenue desc
LIMIT 20;
                                                                                               QUERY PLAN                                                                                                
---------------------------------------------------------------------------------------------------------------------------------------------------------------------------------------------------------
 Limit  (cost=2292486.82..2292486.87 rows=20 width=175) (actual time=30139.044..30139.052 rows=20 loops=1)
   Buffers: shared hit=938208 read=427606 dirtied=253
   ->  Sort  (cost=2292486.82..2293934.08 rows=578904 width=175) (actual time=30139.041..30139.045 rows=20 loops=1)
         Sort Key: (sum((lineitem.l_extendedprice * (1::double precision - lineitem.l_discount))))
         Sort Method: top-N heapsort  Memory: 30kB
         Buffers: shared hit=938208 read=427606 dirtied=253
         ->  HashAggregate  (cost=2271293.36..2277082.40 rows=578904 width=175) (actual time=29746.141..29998.173 rows=381241 loops=1)
               Group Key: customer.c_custkey, customer.c_name, customer.c_acctbal, customer.c_phone, nation.n_name, customer.c_address, customer.c_comment
               Buffers: shared hit=938205 read=427606 dirtied=253
               ->  Hash Join  (cost=346700.18..2256820.76 rows=578904 width=175) (actual time=6349.108..27755.282 rows=1146395 loops=1)
                     Hash Cond: (customer.c_nationkey = nation.n_nationkey)
                     Buffers: shared hit=938205 read=427606 dirtied=253
                     ->  Hash Join  (cost=346698.62..2248859.26 rows=578904 width=153) (actual time=6349.072..27341.283 rows=1146395 loops=1)
                           Hash Cond: (orders.o_custkey = customer.c_custkey)
                           Buffers: shared hit=938204 read=427606 dirtied=253
                           ->  Hash Join  (cost=277670.62..2171147.70 rows=578904 width=12) (actual time=5037.216..25277.517 rows=1146395 loops=1)
                                 Hash Cond: (lineitem.l_orderkey = orders.o_orderkey)
                                 Buffers: shared hit=902926 read=427606 dirtied=253
                                 ->  Seq Scan on lineitem  (cost=0.00..1831520.45 rows=14978025 width=12) (actual time=0.011..17059.002 rows=14807964 loops=1)
                                       Filter: (l_returnflag = 'R'::bpchar)
                                       Rows Removed by Filter: 45175958
                                       Buffers: shared hit=675327 read=399646
                                 ->  Hash  (cost=270358.50..270358.50 rows=584970 width=8) (actual time=5033.698..5033.698 rows=573702 loops=1)
                                       Buckets: 1048576  Batches: 1  Memory Usage: 30603kB
                                       Buffers: shared hit=227599 read=27960 dirtied=253
                                       ->  Bitmap Heap Scan on orders  (cost=6035.95..270358.50 rows=584970 width=8) (actual time=27.652..4855.282 rows=573702 loops=1)
                                             Recheck Cond: ((o_orderdate >= '1993-06-01'::date) AND (o_orderdate < '1993-09-01'::date))
                                             Rows Removed by Index Recheck: 14426298
                                             Heap Blocks: lossy=255548
                                             Buffers: shared hit=227599 read=27960 dirtied=253
                                             ->  Bitmap Index Scan on orders_o_orderkey_o_orderdate_brin_idx  (cost=0.00..5889.70 rows=584970 width=0) (actual time=27.486..27.486 rows=2556160 loops=1)
                                                   Index Cond: ((o_orderdate >= '1993-06-01'::date) AND (o_orderdate < '1993-09-01'::date))
                                                   Buffers: shared hit=3 read=8
                           ->  Hash  (cost=50278.00..50278.00 rows=1500000 width=145) (actual time=1305.701..1305.701 rows=1500000 loops=1)
                                 Buckets: 2097152  Batches: 1  Memory Usage: 281501kB
                                 Buffers: shared hit=35278
                                 ->  Seq Scan on customer  (cost=0.00..50278.00 rows=1500000 width=145) (actual time=0.009..539.376 rows=1500000 loops=1)
                                       Buffers: shared hit=35278
                     ->  Hash  (cost=1.25..1.25 rows=25 width=30) (actual time=0.020..0.020 rows=25 loops=1)
                           Buckets: 1024  Batches: 1  Memory Usage: 10kB
                           Buffers: shared hit=1
                           ->  Seq Scan on nation  (cost=0.00..1.25 rows=25 width=30) (actual time=0.005..0.009 rows=25 loops=1)
                                 Buffers: shared hit=1
 Planning time: 3.789 ms
 Execution time: 30153.555 ms
(45 rows)

COMMIT;
COMMIT
