BEGIN;
BEGIN
EXPLAIN (ANALYZE, BUFFERS)
select
	l_shipmode,
	sum(case
		when o_orderpriority = '1-URGENT'
			or o_orderpriority = '2-HIGH'
			then 1
		else 0
	end) as high_line_count,
	sum(case
		when o_orderpriority <> '1-URGENT'
			and o_orderpriority <> '2-HIGH'
			then 1
		else 0
	end) as low_line_count
from
	orders,
	lineitem
where
	o_orderkey = l_orderkey
	and l_shipmode in ('MAIL', 'TRUCK')
	and l_commitdate < l_receiptdate
	and l_shipdate < l_commitdate
	and l_receiptdate >= date '1997-01-01'
	and l_receiptdate < date '1997-01-01' + interval '1 year'
group by
	l_shipmode
order by
	l_shipmode;
                                                                                                                            QUERY PLAN                                                                                                                             
-------------------------------------------------------------------------------------------------------------------------------------------------------------------------------------------------------------------------------------------------------------------
 Sort  (cost=3047036.78..3047036.79 rows=1 width=27) (actual time=32636.574..32636.575 rows=2 loops=1)
   Sort Key: lineitem.l_shipmode
   Sort Method: quicksort  Memory: 25kB
   Buffers: shared hit=759786 read=570743
   ->  HashAggregate  (cost=3047036.76..3047036.77 rows=1 width=27) (actual time=32636.526..32636.526 rows=2 loops=1)
         Group Key: lineitem.l_shipmode
         Buffers: shared hit=759781 read=570743
         ->  Hash Join  (cost=596084.94..3041941.69 rows=291147 width=27) (actual time=8275.285..32313.738 rows=311191 loops=1)
               Hash Cond: (lineitem.l_orderkey = orders.o_orderkey)
               Buffers: shared hit=759781 read=570743
               ->  Seq Scan on lineitem  (cost=0.00..2436758.41 rows=291147 width=15) (actual time=0.099..23733.584 rows=311191 loops=1)
                     Filter: ((l_shipmode = ANY ('{MAIL,TRUCK}'::bpchar[])) AND (l_commitdate < l_receiptdate) AND (l_shipdate < l_commitdate) AND (l_receiptdate >= '1997-01-01'::date) AND (l_receiptdate < '1998-01-01 00:00:00'::timestamp without time zone))
                     Rows Removed by Filter: 59672731
                     Buffers: shared hit=504491 read=570482
               ->  Hash  (cost=406897.75..406897.75 rows=15134975 width=20) (actual time=8229.733..8229.733 rows=15000000 loops=1)
                     Buckets: 16777216  Batches: 1  Memory Usage: 892791kB
                     Buffers: shared hit=255287 read=261
                     ->  Seq Scan on orders  (cost=0.00..406897.75 rows=15134975 width=20) (actual time=0.011..3916.743 rows=15000000 loops=1)
                           Buffers: shared hit=255287 read=261
 Planning time: 2.173 ms
 Execution time: 32640.658 ms
(21 rows)

COMMIT;
COMMIT
