BEGIN;
BEGIN
EXPLAIN (ANALYZE, BUFFERS)
select
	s_name,
	count(*) as numwait
from
	supplier,
	lineitem l1,
	orders,
	nation
where
	s_suppkey = l1.l_suppkey
	and o_orderkey = l1.l_orderkey
	and o_orderstatus = 'F'
	and l1.l_receiptdate > l1.l_commitdate
	and exists (
		select
			*
		from
			lineitem l2
		where
			l2.l_orderkey = l1.l_orderkey
			and l2.l_suppkey <> l1.l_suppkey
	)
	and not exists (
		select
			*
		from
			lineitem l3
		where
			l3.l_orderkey = l1.l_orderkey
			and l3.l_suppkey <> l1.l_suppkey
			and l3.l_receiptdate > l3.l_commitdate
	)
	and s_nationkey = n_nationkey
	and n_name = 'INDONESIA'
group by
	s_name
order by
	numwait desc,
	s_name
LIMIT 100;
                                                                                                  QUERY PLAN                                                                                                  
--------------------------------------------------------------------------------------------------------------------------------------------------------------------------------------------------------------
 Limit  (cost=2868055.78..2868055.79 rows=1 width=26) (actual time=41411.912..41411.929 rows=100 loops=1)
   Buffers: shared hit=13575109 read=698714 written=18
   ->  Sort  (cost=2868055.78..2868055.79 rows=1 width=26) (actual time=41411.911..41411.917 rows=100 loops=1)
         Sort Key: (count(*)), supplier.s_name
         Sort Method: top-N heapsort  Memory: 32kB
         Buffers: shared hit=13575109 read=698714 written=18
         ->  HashAggregate  (cost=2868055.76..2868055.77 rows=1 width=26) (actual time=41409.687..41410.708 rows=3974 loops=1)
               Group Key: supplier.s_name
               Buffers: shared hit=13575101 read=698714 written=18
               ->  Nested Loop Anti Join  (cost=2406.88..2868055.76 rows=1 width=26) (actual time=36.518..41359.059 rows=39326 loops=1)
                     Buffers: shared hit=13575101 read=698714 written=18
                     ->  Nested Loop Semi Join  (cost=2406.31..2868053.98 rows=1 width=34) (actual time=36.132..38568.729 rows=701327 loops=1)
                           Join Filter: (orders.o_orderkey = l2.l_orderkey)
                           Buffers: shared hit=10055936 read=696278 written=17
                           ->  Nested Loop  (cost=2405.75..2342502.41 rows=393294 width=38) (actual time=36.055..33589.631 rows=727782 loops=1)
                                 Buffers: shared hit=6556945 read=550823 written=3
                                 ->  Hash Join  (cost=2405.31..1917650.35 rows=806984 width=34) (actual time=35.993..26022.048 rows=1505637 loops=1)
                                       Hash Cond: (l1.l_suppkey = supplier.s_suppkey)
                                       Buffers: shared hit=562997 read=514161
                                       ->  Seq Scan on lineitem l1  (cost=0.00..1831520.45 rows=20174599 width=8) (actual time=0.014..19628.220 rows=37927367 loops=1)
                                             Filter: (l_receiptdate > l_commitdate)
                                             Rows Removed by Filter: 22056555
                                             Buffers: shared hit=560812 read=514161
                                       ->  Hash  (cost=2355.31..2355.31 rows=4000 width=30) (actual time=35.947..35.947 rows=3974 loops=1)
                                             Buckets: 4096  Batches: 1  Memory Usage: 281kB
                                             Buffers: shared hit=2182
                                             ->  Nested Loop  (cost=43.00..2355.31 rows=4000 width=30) (actual time=0.275..34.877 rows=3974 loops=1)
                                                   Buffers: shared hit=2182
                                                   ->  Seq Scan on nation  (cost=0.00..1.31 rows=1 width=4) (actual time=0.005..0.010 rows=1 loops=1)
                                                         Filter: (n_name = 'INDONESIA'::bpchar)
                                                         Rows Removed by Filter: 24
                                                         Buffers: shared hit=1
                                                   ->  Bitmap Heap Scan on supplier  (cost=43.00..2314.00 rows=4000 width=34) (actual time=0.263..34.231 rows=3974 loops=1)
                                                         Recheck Cond: (s_nationkey = nation.n_nationkey)
                                                         Rows Removed by Index Recheck: 96026
                                                         Heap Blocks: lossy=2179
                                                         Buffers: shared hit=2181
                                                         ->  Bitmap Index Scan on supplier_s_nationkey_s_suppkey_brin_idx  (cost=0.00..42.00 rows=4000 width=0) (actual time=0.245..0.245 rows=23040 loops=1)
                                                               Index Cond: (s_nationkey = nation.n_nationkey)
                                                               Buffers: shared hit=2
                                 ->  Index Scan using pk_orders on orders  (cost=0.43..0.52 rows=1 width=4) (actual time=0.004..0.004 rows=0 loops=1505637)
                                       Index Cond: (o_orderkey = l1.l_orderkey)
                                       Filter: (o_orderstatus = 'F'::bpchar)
                                       Rows Removed by Filter: 1
                                       Buffers: shared hit=5993948 read=36662 written=3
                           ->  Index Scan using pk_lineitem on lineitem l2  (cost=0.56..1.15 rows=15 width=8) (actual time=0.006..0.006 rows=1 loops=727782)
                                 Index Cond: (l_orderkey = l1.l_orderkey)
                                 Filter: (l_suppkey <> l1.l_suppkey)
                                 Rows Removed by Filter: 0
                                 Buffers: shared hit=3498991 read=145455 written=14
                     ->  Index Scan using pk_lineitem on lineitem l3  (cost=0.56..1.15 rows=5 width=8) (actual time=0.003..0.003 rows=1 loops=701327)
                           Index Cond: (l_orderkey = l1.l_orderkey)
                           Filter: ((l_receiptdate > l_commitdate) AND (l_suppkey <> l1.l_suppkey))
                           Rows Removed by Filter: 1
                           Buffers: shared hit=3519165 read=2436 written=1
 Planning time: 9.066 ms
 Execution time: 41412.226 ms
(57 rows)

COMMIT;
COMMIT
