BEGIN;
BEGIN
EXPLAIN (ANALYZE, BUFFERS)
select
	l_shipmode,
	sum(case
		when o_orderpriority = '1-URGENT'
			or o_orderpriority = '2-HIGH'
			then 1
		else 0
	end) as high_line_count,
	sum(case
		when o_orderpriority <> '1-URGENT'
			and o_orderpriority <> '2-HIGH'
			then 1
		else 0
	end) as low_line_count
from
	orders,
	lineitem
where
	o_orderkey = l_orderkey
	and l_shipmode in ('TRUCK', 'MAIL')
	and l_commitdate < l_receiptdate
	and l_shipdate < l_commitdate
	and l_receiptdate >= date '1997-01-01'
	and l_receiptdate < date '1997-01-01' + interval '1 year'
group by
	l_shipmode
order by
	l_shipmode;
                                                                                                                            QUERY PLAN                                                                                                                             
-------------------------------------------------------------------------------------------------------------------------------------------------------------------------------------------------------------------------------------------------------------------
 Sort  (cost=3031976.81..3031976.81 rows=1 width=27) (actual time=31809.773..31809.773 rows=2 loops=1)
   Sort Key: lineitem.l_shipmode
   Sort Method: quicksort  Memory: 25kB
   Buffers: shared hit=1061447 read=262506
   ->  HashAggregate  (cost=3031976.79..3031976.80 rows=1 width=27) (actual time=31809.727..31809.728 rows=2 loops=1)
         Group Key: lineitem.l_shipmode
         Buffers: shared hit=1061442 read=262506
         ->  Hash Join  (cost=593129.56..3026906.88 rows=289709 width=27) (actual time=8348.886..31514.050 rows=311519 loops=1)
               Hash Cond: (lineitem.l_orderkey = orders.o_orderkey)
               Buffers: shared hit=1061442 read=262506
               ->  Seq Scan on lineitem  (cost=0.00..2424723.91 rows=289709 width=15) (actual time=0.050..22891.681 rows=311519 loops=1)
                     Filter: ((l_shipmode = ANY ('{TRUCK,MAIL}'::bpchar[])) AND (l_commitdate < l_receiptdate) AND (l_shipdate < l_commitdate) AND (l_receiptdate >= '1997-01-01'::date) AND (l_receiptdate < '1998-01-01 00:00:00'::timestamp without time zone))
                     Rows Removed by Filter: 59733784
                     Buffers: shared hit=809867 read=259797
               ->  Hash  (cost=404880.36..404880.36 rows=15059936 width=20) (actual time=8303.435..8303.435 rows=15015000 loops=1)
                     Buckets: 16777216  Batches: 1  Memory Usage: 893553kB
                     Buffers: shared hit=251572 read=2709
                     ->  Seq Scan on orders  (cost=0.00..404880.36 rows=15059936 width=20) (actual time=0.010..3978.820 rows=15015000 loops=1)
                           Buffers: shared hit=251572 read=2709
 Planning time: 2.256 ms
 Execution time: 31813.843 ms
(21 rows)

COMMIT;
COMMIT
