BEGIN;
BEGIN
EXPLAIN (ANALYZE, BUFFERS)
select
	s_name,
	count(*) as numwait
from
	supplier,
	lineitem l1,
	orders,
	nation
where
	s_suppkey = l1.l_suppkey
	and o_orderkey = l1.l_orderkey
	and o_orderstatus = 'F'
	and l1.l_receiptdate > l1.l_commitdate
	and exists (
		select
			*
		from
			lineitem l2
		where
			l2.l_orderkey = l1.l_orderkey
			and l2.l_suppkey <> l1.l_suppkey
	)
	and not exists (
		select
			*
		from
			lineitem l3
		where
			l3.l_orderkey = l1.l_orderkey
			and l3.l_suppkey <> l1.l_suppkey
			and l3.l_receiptdate > l3.l_commitdate
	)
	and s_nationkey = n_nationkey
	and n_name = 'ARGENTINA'
group by
	s_name
order by
	numwait desc,
	s_name
LIMIT 100;
                                                                                                  QUERY PLAN                                                                                                  
--------------------------------------------------------------------------------------------------------------------------------------------------------------------------------------------------------------
 Limit  (cost=2848128.75..2848128.76 rows=1 width=26) (actual time=36956.162..36956.179 rows=100 loops=1)
   Buffers: shared hit=14061534 read=341800 written=2029
   ->  Sort  (cost=2848128.75..2848128.76 rows=1 width=26) (actual time=36956.159..36956.165 rows=100 loops=1)
         Sort Key: (count(*)), supplier.s_name
         Sort Method: top-N heapsort  Memory: 32kB
         Buffers: shared hit=14061534 read=341800 written=2029
         ->  HashAggregate  (cost=2848128.73..2848128.74 rows=1 width=26) (actual time=36953.727..36954.999 rows=4007 loops=1)
               Group Key: supplier.s_name
               Buffers: shared hit=14061526 read=341800 written=2029
               ->  Nested Loop Anti Join  (cost=2406.88..2848128.73 rows=1 width=26) (actual time=32.427..36900.514 rows=39901 loops=1)
                     Buffers: shared hit=14061526 read=341800 written=2029
                     ->  Nested Loop Semi Join  (cost=2406.31..2848126.95 rows=1 width=34) (actual time=31.602..34131.417 rows=708400 loops=1)
                           Join Filter: (orders.o_orderkey = l2.l_orderkey)
                           Buffers: shared hit=10505383 read=340795 written=2008
                           ->  Nested Loop  (cost=2405.75..2326281.20 rows=390576 width=38) (actual time=31.569..30106.533 rows=734959 loops=1)
                                 Buffers: shared hit=6869967 read=295793 written=1173
                                 ->  Hash Join  (cost=2405.31..1904412.55 rows=801406 width=34) (actual time=31.505..23178.592 rows=1521941 loops=1)
                                       Hash Cond: (l1.l_suppkey = supplier.s_suppkey)
                                       Buffers: shared hit=814697 read=255031 written=82
                                       ->  Seq Scan on lineitem l1  (cost=0.00..1818861.34 rows=20035156 width=8) (actual time=0.016..16951.126 rows=37966905 loops=1)
                                             Filter: (l_receiptdate > l_commitdate)
                                             Rows Removed by Filter: 22078698
                                             Buffers: shared hit=812513 read=255030 written=82
                                       ->  Hash  (cost=2355.31..2355.31 rows=4000 width=30) (actual time=31.453..31.453 rows=4007 loops=1)
                                             Buckets: 4096  Batches: 1  Memory Usage: 283kB
                                             Buffers: shared hit=2181 read=1
                                             ->  Nested Loop  (cost=43.00..2355.31 rows=4000 width=30) (actual time=0.317..30.348 rows=4007 loops=1)
                                                   Buffers: shared hit=2181 read=1
                                                   ->  Seq Scan on nation  (cost=0.00..1.31 rows=1 width=4) (actual time=0.005..0.012 rows=1 loops=1)
                                                         Filter: (n_name = 'ARGENTINA'::bpchar)
                                                         Rows Removed by Filter: 24
                                                         Buffers: shared hit=1
                                                   ->  Bitmap Heap Scan on supplier  (cost=43.00..2314.00 rows=4000 width=34) (actual time=0.306..29.630 rows=4007 loops=1)
                                                         Recheck Cond: (s_nationkey = nation.n_nationkey)
                                                         Rows Removed by Index Recheck: 95993
                                                         Heap Blocks: lossy=2179
                                                         Buffers: shared hit=2180 read=1
                                                         ->  Bitmap Index Scan on supplier_s_nationkey_s_suppkey_brin_idx  (cost=0.00..42.00 rows=4000 width=0) (actual time=0.290..0.290 rows=23040 loops=1)
                                                               Index Cond: (s_nationkey = nation.n_nationkey)
                                                               Buffers: shared hit=1 read=1
                                 ->  Index Scan using pk_orders on orders  (cost=0.43..0.52 rows=1 width=4) (actual time=0.004..0.004 rows=0 loops=1521941)
                                       Index Cond: (o_orderkey = l1.l_orderkey)
                                       Filter: (o_orderstatus = 'F'::bpchar)
                                       Rows Removed by Filter: 1
                                       Buffers: shared hit=6055270 read=40762 written=1091
                           ->  Index Scan using pk_lineitem on lineitem l2  (cost=0.56..1.15 rows=15 width=8) (actual time=0.005..0.005 rows=1 loops=734959)
                                 Index Cond: (l_orderkey = l1.l_orderkey)
                                 Filter: (l_suppkey <> l1.l_suppkey)
                                 Rows Removed by Filter: 0
                                 Buffers: shared hit=3635416 read=45002 written=835
                     ->  Index Scan using pk_lineitem on lineitem l3  (cost=0.56..1.15 rows=5 width=8) (actual time=0.003..0.003 rows=1 loops=708400)
                           Index Cond: (l_orderkey = l1.l_orderkey)
                           Filter: ((l_receiptdate > l_commitdate) AND (l_suppkey <> l1.l_suppkey))
                           Rows Removed by Filter: 1
                           Buffers: shared hit=3556143 read=1005 written=21
 Planning time: 9.243 ms
 Execution time: 36956.489 ms
(57 rows)

COMMIT;
COMMIT
