BEGIN;
BEGIN
EXPLAIN (ANALYZE, BUFFERS)
select
	c_custkey,
	c_name,
	sum(l_extendedprice * (1 - l_discount)) as revenue,
	c_acctbal,
	n_name,
	c_address,
	c_phone,
	c_comment
from
	customer,
	orders,
	lineitem,
	nation
where
	c_custkey = o_custkey
	and l_orderkey = o_orderkey
	and o_orderdate >= date '1993-10-01'
	and o_orderdate < cast(date '1993-10-01' + interval '3 month' as date)
	and l_returnflag = 'R'
	and c_nationkey = n_nationkey
group by
	c_custkey,
	c_name,
	c_acctbal,
	c_phone,
	n_name,
	c_address,
	c_comment
order by
	revenue desc
LIMIT 20;
                                                                                               QUERY PLAN                                                                                                
---------------------------------------------------------------------------------------------------------------------------------------------------------------------------------------------------------
 Limit  (cost=2273106.67..2273106.72 rows=20 width=175) (actual time=34525.224..34525.230 rows=20 loops=1)
   Buffers: shared hit=913188 read=442100 dirtied=252 written=63
   ->  Sort  (cost=2273106.67..2274510.11 rows=561378 width=175) (actual time=34525.222..34525.225 rows=20 loops=1)
         Sort Key: (sum((lineitem.l_extendedprice * (1::double precision - lineitem.l_discount))))
         Sort Method: top-N heapsort  Memory: 30kB
         Buffers: shared hit=913188 read=442100 dirtied=252 written=63
         ->  HashAggregate  (cost=2252554.82..2258168.60 rows=561378 width=175) (actual time=34147.621..34385.343 rows=381117 loops=1)
               Group Key: customer.c_custkey, customer.c_name, customer.c_acctbal, customer.c_phone, nation.n_name, customer.c_address, customer.c_comment
               Buffers: shared hit=913185 read=442100 dirtied=252 written=63
               ->  Hash Join  (cost=344005.21..2238520.37 rows=561378 width=175) (actual time=11221.845..32199.296 rows=1147161 loops=1)
                     Hash Cond: (customer.c_nationkey = nation.n_nationkey)
                     Buffers: shared hit=913185 read=442100 dirtied=252 written=63
                     ->  Hash Join  (cost=344003.65..2230799.86 rows=561378 width=153) (actual time=11221.819..31789.372 rows=1147161 loops=1)
                           Hash Cond: (orders.o_custkey = customer.c_custkey)
                           Buffers: shared hit=913184 read=442100 dirtied=252 written=63
                           ->  Hash Join  (cost=274975.65..2153351.19 rows=561378 width=12) (actual time=9929.088..29666.598 rows=1147161 loops=1)
                                 Hash Cond: (lineitem.l_orderkey = orders.o_orderkey)
                                 Buffers: shared hit=878188 read=441818 dirtied=252 written=63
                                 ->  Seq Scan on lineitem  (cost=0.00..1817038.30 rows=14859591 width=12) (actual time=0.012..16699.248 rows=14808323 loops=1)
                                       Filter: (l_returnflag = 'R'::bpchar)
                                       Rows Removed by Filter: 45177006
                                       Buffers: shared hit=794926 read=271547
                                 ->  Hash  (cost=267885.03..267885.03 rows=567249 width=8) (actual time=9925.768..9925.768 rows=573165 loops=1)
                                       Buckets: 1048576  Batches: 1  Memory Usage: 30582kB
                                       Buffers: shared hit=83262 read=170271 dirtied=252 written=63
                                       ->  Bitmap Heap Scan on orders  (cost=5854.30..267885.03 rows=567249 width=8) (actual time=27.586..9656.947 rows=573165 loops=1)
                                             Recheck Cond: ((o_orderdate >= '1993-10-01'::date) AND (o_orderdate < '1994-01-01'::date))
                                             Rows Removed by Index Recheck: 14426835
                                             Heap Blocks: lossy=253522
                                             Buffers: shared hit=83262 read=170271 dirtied=252 written=63
                                             ->  Bitmap Index Scan on orders_o_orderkey_o_orderdate_brin_idx  (cost=0.00..5712.49 rows=567249 width=0) (actual time=27.424..27.424 rows=2535680 loops=1)
                                                   Index Cond: ((o_orderdate >= '1993-10-01'::date) AND (o_orderdate < '1994-01-01'::date))
                                                   Buffers: shared hit=2 read=9
                           ->  Hash  (cost=50278.00..50278.00 rows=1500000 width=145) (actual time=1286.524..1286.524 rows=1500000 loops=1)
                                 Buckets: 2097152  Batches: 1  Memory Usage: 281501kB
                                 Buffers: shared hit=34996 read=282
                                 ->  Seq Scan on customer  (cost=0.00..50278.00 rows=1500000 width=145) (actual time=0.008..513.517 rows=1500000 loops=1)
                                       Buffers: shared hit=34996 read=282
                     ->  Hash  (cost=1.25..1.25 rows=25 width=30) (actual time=0.017..0.017 rows=25 loops=1)
                           Buckets: 1024  Batches: 1  Memory Usage: 10kB
                           Buffers: shared hit=1
                           ->  Seq Scan on nation  (cost=0.00..1.25 rows=25 width=30) (actual time=0.004..0.007 rows=25 loops=1)
                                 Buffers: shared hit=1
 Planning time: 4.166 ms
 Execution time: 34534.773 ms
(45 rows)

COMMIT;
COMMIT
