BEGIN;
BEGIN
EXPLAIN (ANALYZE, BUFFERS)
select
	l_shipmode,
	sum(case
		when o_orderpriority = '1-URGENT'
			or o_orderpriority = '2-HIGH'
			then 1
		else 0
	end) as high_line_count,
	sum(case
		when o_orderpriority <> '1-URGENT'
			and o_orderpriority <> '2-HIGH'
			then 1
		else 0
	end) as low_line_count
from
	orders,
	lineitem
where
	o_orderkey = l_orderkey
	and l_shipmode in ('AIR', 'MAIL')
	and l_commitdate < l_receiptdate
	and l_shipdate < l_commitdate
	and l_receiptdate >= date '1993-01-01'
	and l_receiptdate < date '1993-01-01' + interval '1 year'
group by
	l_shipmode
order by
	l_shipmode;
                                                                                                                           QUERY PLAN                                                                                                                            
-----------------------------------------------------------------------------------------------------------------------------------------------------------------------------------------------------------------------------------------------------------------
 Sort  (cost=3047207.90..3047207.90 rows=1 width=27) (actual time=32558.147..32558.147 rows=2 loops=1)
   Sort Key: lineitem.l_shipmode
   Sort Method: quicksort  Memory: 25kB
   Buffers: shared hit=1192360 read=138169
   ->  HashAggregate  (cost=3047207.88..3047207.89 rows=1 width=27) (actual time=32558.100..32558.102 rows=2 loops=1)
         Group Key: lineitem.l_shipmode
         Buffers: shared hit=1192355 read=138169
         ->  Hash Join  (cost=596084.94..3042051.38 rows=294657 width=27) (actual time=9953.270..32284.368 rows=312474 loops=1)
               Hash Cond: (lineitem.l_orderkey = orders.o_orderkey)
               Buffers: shared hit=1192355 read=138169
               ->  Seq Scan on lineitem  (cost=0.00..2436758.41 rows=294657 width=15) (actual time=0.134..22041.147 rows=312474 loops=1)
                     Filter: ((l_shipmode = ANY ('{AIR,MAIL}'::bpchar[])) AND (l_commitdate < l_receiptdate) AND (l_shipdate < l_commitdate) AND (l_receiptdate >= '1993-01-01'::date) AND (l_receiptdate < '1994-01-01 00:00:00'::timestamp without time zone))
                     Rows Removed by Filter: 59671448
                     Buffers: shared hit=1073928 read=1045
               ->  Hash  (cost=406897.75..406897.75 rows=15134975 width=20) (actual time=9907.971..9907.971 rows=15000000 loops=1)
                     Buckets: 16777216  Batches: 1  Memory Usage: 892791kB
                     Buffers: shared hit=118424 read=137124
                     ->  Seq Scan on orders  (cost=0.00..406897.75 rows=15134975 width=20) (actual time=0.010..4799.938 rows=15000000 loops=1)
                           Buffers: shared hit=118424 read=137124
 Planning time: 2.552 ms
 Execution time: 32564.019 ms
(21 rows)

COMMIT;
COMMIT
