BEGIN;
BEGIN
EXPLAIN (ANALYZE, BUFFERS)
select
	s_name,
	count(*) as numwait
from
	supplier,
	lineitem l1,
	orders,
	nation
where
	s_suppkey = l1.l_suppkey
	and o_orderkey = l1.l_orderkey
	and o_orderstatus = 'F'
	and l1.l_receiptdate > l1.l_commitdate
	and exists (
		select
			*
		from
			lineitem l2
		where
			l2.l_orderkey = l1.l_orderkey
			and l2.l_suppkey <> l1.l_suppkey
	)
	and not exists (
		select
			*
		from
			lineitem l3
		where
			l3.l_orderkey = l1.l_orderkey
			and l3.l_suppkey <> l1.l_suppkey
			and l3.l_receiptdate > l3.l_commitdate
	)
	and s_nationkey = n_nationkey
	and n_name = 'IRAN'
group by
	s_name
order by
	numwait desc,
	s_name
LIMIT 100;
                                                                                                  QUERY PLAN                                                                                                  
--------------------------------------------------------------------------------------------------------------------------------------------------------------------------------------------------------------
 Limit  (cost=2868055.78..2868055.79 rows=1 width=26) (actual time=38154.704..38154.721 rows=100 loops=1)
   Buffers: shared hit=14188931 read=231457 written=27
   ->  Sort  (cost=2868055.78..2868055.79 rows=1 width=26) (actual time=38154.703..38154.710 rows=100 loops=1)
         Sort Key: (count(*)), supplier.s_name
         Sort Method: top-N heapsort  Memory: 32kB
         Buffers: shared hit=14188931 read=231457 written=27
         ->  HashAggregate  (cost=2868055.76..2868055.77 rows=1 width=26) (actual time=38152.308..38153.539 rows=4023 loops=1)
               Group Key: supplier.s_name
               Buffers: shared hit=14188923 read=231457 written=27
               ->  Nested Loop Anti Join  (cost=2406.88..2868055.76 rows=1 width=26) (actual time=37.511..38096.648 rows=39941 loops=1)
                     Buffers: shared hit=14188923 read=231457 written=27
                     ->  Nested Loop Semi Join  (cost=2406.31..2868053.98 rows=1 width=34) (actual time=36.351..35323.498 rows=708974 loops=1)
                           Join Filter: (orders.o_orderkey = l2.l_orderkey)
                           Buffers: shared hit=10629626 read=230912 written=27
                           ->  Nested Loop  (cost=2405.75..2342502.41 rows=393294 width=38) (actual time=36.316..31256.572 rows=735643 loops=1)
                                 Buffers: shared hit=6977442 read=199479 written=21
                                 ->  Hash Join  (cost=2405.31..1917650.35 rows=806984 width=34) (actual time=36.268..23371.476 rows=1522877 loops=1)
                                       Hash Cond: (l1.l_suppkey = supplier.s_suppkey)
                                       Buffers: shared hit=970909 read=106249 written=1
                                       ->  Seq Scan on lineitem l1  (cost=0.00..1831520.45 rows=20174599 width=8) (actual time=0.014..17237.471 rows=37927367 loops=1)
                                             Filter: (l_receiptdate > l_commitdate)
                                             Rows Removed by Filter: 22056555
                                             Buffers: shared hit=968724 read=106249 written=1
                                       ->  Hash  (cost=2355.31..2355.31 rows=4000 width=30) (actual time=36.211..36.211 rows=4023 loops=1)
                                             Buckets: 4096  Batches: 1  Memory Usage: 284kB
                                             Buffers: shared hit=2182
                                             ->  Nested Loop  (cost=43.00..2355.31 rows=4000 width=30) (actual time=0.288..35.136 rows=4023 loops=1)
                                                   Buffers: shared hit=2182
                                                   ->  Seq Scan on nation  (cost=0.00..1.31 rows=1 width=4) (actual time=0.005..0.009 rows=1 loops=1)
                                                         Filter: (n_name = 'IRAN'::bpchar)
                                                         Rows Removed by Filter: 24
                                                         Buffers: shared hit=1
                                                   ->  Bitmap Heap Scan on supplier  (cost=43.00..2314.00 rows=4000 width=34) (actual time=0.277..34.436 rows=4023 loops=1)
                                                         Recheck Cond: (s_nationkey = nation.n_nationkey)
                                                         Rows Removed by Index Recheck: 95977
                                                         Heap Blocks: lossy=2179
                                                         Buffers: shared hit=2181
                                                         ->  Bitmap Index Scan on supplier_s_nationkey_s_suppkey_brin_idx  (cost=0.00..42.00 rows=4000 width=0) (actual time=0.261..0.261 rows=23040 loops=1)
                                                               Index Cond: (s_nationkey = nation.n_nationkey)
                                                               Buffers: shared hit=2
                                 ->  Index Scan using pk_orders on orders  (cost=0.43..0.52 rows=1 width=4) (actual time=0.004..0.005 rows=0 loops=1522877)
                                       Index Cond: (o_orderkey = l1.l_orderkey)
                                       Filter: (o_orderstatus = 'F'::bpchar)
                                       Rows Removed by Filter: 1
                                       Buffers: shared hit=6006533 read=93230 written=20
                           ->  Index Scan using pk_lineitem on lineitem l2  (cost=0.56..1.15 rows=15 width=8) (actual time=0.005..0.005 rows=1 loops=735643)
                                 Index Cond: (l_orderkey = l1.l_orderkey)
                                 Filter: (l_suppkey <> l1.l_suppkey)
                                 Rows Removed by Filter: 0
                                 Buffers: shared hit=3652184 read=31433 written=6
                     ->  Index Scan using pk_lineitem on lineitem l3  (cost=0.56..1.15 rows=5 width=8) (actual time=0.003..0.003 rows=1 loops=708974)
                           Index Cond: (l_orderkey = l1.l_orderkey)
                           Filter: ((l_receiptdate > l_commitdate) AND (l_suppkey <> l1.l_suppkey))
                           Rows Removed by Filter: 1
                           Buffers: shared hit=3559297 read=545
 Planning time: 8.541 ms
 Execution time: 38155.007 ms
(57 rows)

COMMIT;
COMMIT
