BEGIN;
BEGIN
EXPLAIN (ANALYZE, BUFFERS)
select
	c_custkey,
	c_name,
	sum(l_extendedprice * (1 - l_discount)) as revenue,
	c_acctbal,
	n_name,
	c_address,
	c_phone,
	c_comment
from
	customer,
	orders,
	lineitem,
	nation
where
	c_custkey = o_custkey
	and l_orderkey = o_orderkey
	and o_orderdate >= date '1995-01-01'
	and o_orderdate < cast(date '1995-01-01' + interval '3 month' as date)
	and l_returnflag = 'R'
	and c_nationkey = n_nationkey
group by
	c_custkey,
	c_name,
	c_acctbal,
	c_phone,
	n_name,
	c_address,
	c_comment
order by
	revenue desc
LIMIT 20;
                                                                                               QUERY PLAN                                                                                                
---------------------------------------------------------------------------------------------------------------------------------------------------------------------------------------------------------
 Limit  (cost=2291509.25..2291509.30 rows=20 width=175) (actual time=28919.349..28919.355 rows=20 loops=1)
   Buffers: shared hit=1096127 read=269687 written=4
   ->  Sort  (cost=2291509.25..2292938.86 rows=571846 width=175) (actual time=28919.346..28919.350 rows=20 loops=1)
         Sort Key: (sum((lineitem.l_extendedprice * (1::double precision - lineitem.l_discount))))
         Sort Method: top-N heapsort  Memory: 30kB
         Buffers: shared hit=1096127 read=269687 written=4
         ->  HashAggregate  (cost=2270574.17..2276292.63 rows=571846 width=175) (actual time=28602.667..28788.435 rows=354582 loops=1)
               Group Key: customer.c_custkey, customer.c_name, customer.c_acctbal, customer.c_phone, nation.n_name, customer.c_address, customer.c_comment
               Buffers: shared hit=1096124 read=269687 written=4
               ->  Hash Join  (cost=346430.94..2256278.02 rows=571846 width=175) (actual time=6538.310..27044.588 rows=940687 loops=1)
                     Hash Cond: (customer.c_nationkey = nation.n_nationkey)
                     Buffers: shared hit=1096124 read=269687 written=4
                     ->  Hash Join  (cost=346429.38..2248413.57 rows=571846 width=153) (actual time=6538.280..26705.793 rows=940687 loops=1)
                           Hash Cond: (orders.o_custkey = customer.c_custkey)
                           Buffers: shared hit=1096123 read=269687 written=4
                           ->  Hash Join  (cost=277401.38..2170807.88 rows=571846 width=12) (actual time=4996.907..24573.678 rows=940687 loops=1)
                                 Hash Cond: (lineitem.l_orderkey = orders.o_orderkey)
                                 Buffers: shared hit=1096121 read=234411
                                 ->  Seq Scan on lineitem  (cost=0.00..1831520.45 rows=14978025 width=12) (actual time=0.021..16679.775 rows=14807964 loops=1)
                                       Filter: (l_returnflag = 'R'::bpchar)
                                       Rows Removed by Filter: 45175958
                                       Buffers: shared hit=871021 read=203952
                                 ->  Hash  (cost=270178.41..270178.41 rows=577838 width=8) (actual time=4993.542..4993.542 rows=561517 loops=1)
                                       Buckets: 1048576  Batches: 1  Memory Usage: 30127kB
                                       Buffers: shared hit=225100 read=30459
                                       ->  Bitmap Heap Scan on orders  (cost=5962.84..270178.41 rows=577838 width=8) (actual time=27.656..4816.946 rows=561517 loops=1)
                                             Recheck Cond: ((o_orderdate >= '1995-01-01'::date) AND (o_orderdate < '1995-04-01'::date))
                                             Rows Removed by Index Recheck: 14438483
                                             Heap Blocks: lossy=255548
                                             Buffers: shared hit=225100 read=30459
                                             ->  Bitmap Index Scan on orders_o_orderkey_o_orderdate_brin_idx  (cost=0.00..5818.38 rows=577838 width=0) (actual time=27.491..27.491 rows=2556160 loops=1)
                                                   Index Cond: ((o_orderdate >= '1995-01-01'::date) AND (o_orderdate < '1995-04-01'::date))
                                                   Buffers: shared hit=3 read=8
                           ->  Hash  (cost=50278.00..50278.00 rows=1500000 width=145) (actual time=1535.267..1535.267 rows=1500000 loops=1)
                                 Buckets: 2097152  Batches: 1  Memory Usage: 281501kB
                                 Buffers: shared hit=2 read=35276 written=4
                                 ->  Seq Scan on customer  (cost=0.00..50278.00 rows=1500000 width=145) (actual time=0.006..751.984 rows=1500000 loops=1)
                                       Buffers: shared hit=2 read=35276 written=4
                     ->  Hash  (cost=1.25..1.25 rows=25 width=30) (actual time=0.019..0.019 rows=25 loops=1)
                           Buckets: 1024  Batches: 1  Memory Usage: 10kB
                           Buffers: shared hit=1
                           ->  Seq Scan on nation  (cost=0.00..1.25 rows=25 width=30) (actual time=0.004..0.008 rows=25 loops=1)
                                 Buffers: shared hit=1
 Planning time: 3.980 ms
 Execution time: 28927.443 ms
(45 rows)

COMMIT;
COMMIT
