BEGIN;
BEGIN
EXPLAIN (ANALYZE, BUFFERS)
select
	l_shipmode,
	sum(case
		when o_orderpriority = '1-URGENT'
			or o_orderpriority = '2-HIGH'
			then 1
		else 0
	end) as high_line_count,
	sum(case
		when o_orderpriority <> '1-URGENT'
			and o_orderpriority <> '2-HIGH'
			then 1
		else 0
	end) as low_line_count
from
	orders,
	lineitem
where
	o_orderkey = l_orderkey
	and l_shipmode in ('RAIL', 'MAIL')
	and l_commitdate < l_receiptdate
	and l_shipdate < l_commitdate
	and l_receiptdate >= date '1997-01-01'
	and l_receiptdate < date '1997-01-01' + interval '1 year'
group by
	l_shipmode
order by
	l_shipmode;
                                                                                                                            QUERY PLAN                                                                                                                            
------------------------------------------------------------------------------------------------------------------------------------------------------------------------------------------------------------------------------------------------------------------
 Sort  (cost=3047130.68..3047130.68 rows=1 width=27) (actual time=33749.661..33749.661 rows=2 loops=1)
   Sort Key: lineitem.l_shipmode
   Sort Method: quicksort  Memory: 25kB
   Buffers: shared hit=743044 read=587485 written=138
   ->  HashAggregate  (cost=3047130.66..3047130.67 rows=1 width=27) (actual time=33749.612..33749.613 rows=2 loops=1)
         Group Key: lineitem.l_shipmode
         Buffers: shared hit=743039 read=587485 written=138
         ->  Hash Join  (cost=596084.94..3042001.88 rows=293073 width=27) (actual time=9383.672..33431.522 rows=311351 loops=1)
               Hash Cond: (lineitem.l_orderkey = orders.o_orderkey)
               Buffers: shared hit=743039 read=587485 written=138
               ->  Seq Scan on lineitem  (cost=0.00..2436758.41 rows=293073 width=15) (actual time=0.050..23749.699 rows=311351 loops=1)
                     Filter: ((l_shipmode = ANY ('{RAIL,MAIL}'::bpchar[])) AND (l_commitdate < l_receiptdate) AND (l_shipdate < l_commitdate) AND (l_receiptdate >= '1997-01-01'::date) AND (l_receiptdate < '1998-01-01 00:00:00'::timestamp without time zone))
                     Rows Removed by Filter: 59672571
                     Buffers: shared hit=626867 read=448106
               ->  Hash  (cost=406897.75..406897.75 rows=15134975 width=20) (actual time=9337.957..9337.957 rows=15000000 loops=1)
                     Buckets: 16777216  Batches: 1  Memory Usage: 892791kB
                     Buffers: shared hit=116169 read=139379 written=138
                     ->  Seq Scan on orders  (cost=0.00..406897.75 rows=15134975 width=20) (actual time=0.010..4923.847 rows=15000000 loops=1)
                           Buffers: shared hit=116169 read=139379 written=138
 Planning time: 2.956 ms
 Execution time: 33753.808 ms
(21 rows)

COMMIT;
COMMIT
