BEGIN;
BEGIN
EXPLAIN (ANALYZE, BUFFERS)
select
	s_name,
	count(*) as numwait
from
	supplier,
	lineitem l1,
	orders,
	nation
where
	s_suppkey = l1.l_suppkey
	and o_orderkey = l1.l_orderkey
	and o_orderstatus = 'F'
	and l1.l_receiptdate > l1.l_commitdate
	and exists (
		select
			*
		from
			lineitem l2
		where
			l2.l_orderkey = l1.l_orderkey
			and l2.l_suppkey <> l1.l_suppkey
	)
	and not exists (
		select
			*
		from
			lineitem l3
		where
			l3.l_orderkey = l1.l_orderkey
			and l3.l_suppkey <> l1.l_suppkey
			and l3.l_receiptdate > l3.l_commitdate
	)
	and s_nationkey = n_nationkey
	and n_name = 'CHINA'
group by
	s_name
order by
	numwait desc,
	s_name
LIMIT 100;
                                                                                                  QUERY PLAN                                                                                                  
--------------------------------------------------------------------------------------------------------------------------------------------------------------------------------------------------------------
 Limit  (cost=2845260.56..2845260.57 rows=1 width=26) (actual time=36465.604..36465.623 rows=100 loops=1)
   Buffers: shared hit=14227793 read=104782 dirtied=633 written=834
   ->  Sort  (cost=2845260.56..2845260.57 rows=1 width=26) (actual time=36465.603..36465.609 rows=100 loops=1)
         Sort Key: (count(*)), supplier.s_name
         Sort Method: top-N heapsort  Memory: 32kB
         Buffers: shared hit=14227793 read=104782 dirtied=633 written=834
         ->  HashAggregate  (cost=2845260.54..2845260.55 rows=1 width=26) (actual time=36463.453..36464.468 rows=3988 loops=1)
               Group Key: supplier.s_name
               Buffers: shared hit=14227785 read=104782 dirtied=633 written=834
               ->  Nested Loop Anti Join  (cost=2406.88..2845260.54 rows=1 width=26) (actual time=58.263..36414.004 rows=39933 loops=1)
                     Buffers: shared hit=14227785 read=104782 dirtied=633 written=834
                     ->  Nested Loop Semi Join  (cost=2406.31..2845258.76 rows=1 width=34) (actual time=58.082..33577.290 rows=705206 loops=1)
                           Join Filter: (orders.o_orderkey = l2.l_orderkey)
                           Buffers: shared hit=10686945 read=104492 dirtied=633 written=832
                           ->  Nested Loop  (cost=2405.75..2323945.68 rows=390185 width=38) (actual time=58.017..29431.986 rows=731496 loops=1)
                                 Buffers: shared hit=7038496 read=89897 dirtied=633 written=468
                                 ->  Hash Join  (cost=2405.31..1902506.18 rows=800603 width=34) (actual time=57.905..22503.247 rows=1512868 loops=1)
                                       Hash Cond: (l1.l_suppkey = supplier.s_suppkey)
                                       Buffers: shared hit=993292 read=75366 dirtied=632 written=283
                                       ->  Seq Scan on lineitem l1  (cost=0.00..1817038.30 rows=20015075 width=8) (actual time=0.004..16549.259 rows=37928797 loops=1)
                                             Filter: (l_receiptdate > l_commitdate)
                                             Rows Removed by Filter: 22056532
                                             Buffers: shared hit=992472 read=74001 dirtied=632 written=283
                                       ->  Hash  (cost=2355.31..2355.31 rows=4000 width=30) (actual time=57.866..57.866 rows=3988 loops=1)
                                             Buckets: 4096  Batches: 1  Memory Usage: 282kB
                                             Buffers: shared hit=817 read=1365
                                             ->  Nested Loop  (cost=43.00..2355.31 rows=4000 width=30) (actual time=0.261..56.163 rows=3988 loops=1)
                                                   Buffers: shared hit=817 read=1365
                                                   ->  Seq Scan on nation  (cost=0.00..1.31 rows=1 width=4) (actual time=0.006..0.010 rows=1 loops=1)
                                                         Filter: (n_name = 'CHINA'::bpchar)
                                                         Rows Removed by Filter: 24
                                                         Buffers: shared hit=1
                                                   ->  Bitmap Heap Scan on supplier  (cost=43.00..2314.00 rows=4000 width=34) (actual time=0.248..55.212 rows=3988 loops=1)
                                                         Recheck Cond: (s_nationkey = nation.n_nationkey)
                                                         Rows Removed by Index Recheck: 96012
                                                         Heap Blocks: lossy=2179
                                                         Buffers: shared hit=816 read=1365
                                                         ->  Bitmap Index Scan on supplier_s_nationkey_s_suppkey_brin_idx  (cost=0.00..42.00 rows=4000 width=0) (actual time=0.233..0.233 rows=23040 loops=1)
                                                               Index Cond: (s_nationkey = nation.n_nationkey)
                                                               Buffers: shared hit=2
                                 ->  Index Scan using pk_orders on orders  (cost=0.43..0.52 rows=1 width=4) (actual time=0.004..0.004 rows=0 loops=1512868)
                                       Index Cond: (o_orderkey = l1.l_orderkey)
                                       Filter: (o_orderstatus = 'F'::bpchar)
                                       Rows Removed by Filter: 1
                                       Buffers: shared hit=6045204 read=14531 dirtied=1 written=185
                           ->  Index Scan using pk_lineitem on lineitem l2  (cost=0.56..1.15 rows=15 width=8) (actual time=0.005..0.005 rows=1 loops=731496)
                                 Index Cond: (l_orderkey = l1.l_orderkey)
                                 Filter: (l_suppkey <> l1.l_suppkey)
                                 Rows Removed by Filter: 0
                                 Buffers: shared hit=3648449 read=14595 written=364
                     ->  Index Scan using pk_lineitem on lineitem l3  (cost=0.56..1.15 rows=5 width=8) (actual time=0.004..0.004 rows=1 loops=705206)
                           Index Cond: (l_orderkey = l1.l_orderkey)
                           Filter: ((l_receiptdate > l_commitdate) AND (l_suppkey <> l1.l_suppkey))
                           Rows Removed by Filter: 1
                           Buffers: shared hit=3540840 read=290 written=2
 Planning time: 8.253 ms
 Execution time: 36465.873 ms
(57 rows)

COMMIT;
COMMIT
