BEGIN;
BEGIN
EXPLAIN (ANALYZE, BUFFERS)
select
	c_custkey,
	c_name,
	sum(l_extendedprice * (1 - l_discount)) as revenue,
	c_acctbal,
	n_name,
	c_address,
	c_phone,
	c_comment
from
	customer,
	orders,
	lineitem,
	nation
where
	c_custkey = o_custkey
	and l_orderkey = o_orderkey
	and o_orderdate >= date '1993-04-01'
	and o_orderdate < cast(date '1993-04-01' + interval '3 month' as date)
	and l_returnflag = 'R'
	and c_nationkey = n_nationkey
group by
	c_custkey,
	c_name,
	c_acctbal,
	c_phone,
	n_name,
	c_address,
	c_comment
order by
	revenue desc
LIMIT 20;
                                                                                               QUERY PLAN                                                                                                
---------------------------------------------------------------------------------------------------------------------------------------------------------------------------------------------------------
 Limit  (cost=2291366.59..2291366.64 rows=20 width=175) (actual time=30980.840..30980.847 rows=20 loops=1)
   Buffers: shared hit=885984 read=479830 dirtied=73 written=46
   ->  Sort  (cost=2291366.59..2292793.63 rows=570816 width=175) (actual time=30980.836..30980.843 rows=20 loops=1)
         Sort Key: (sum((lineitem.l_extendedprice * (1::double precision - lineitem.l_discount))))
         Sort Method: top-N heapsort  Memory: 30kB
         Buffers: shared hit=885984 read=479830 dirtied=73 written=46
         ->  HashAggregate  (cost=2270469.22..2276177.38 rows=570816 width=175) (actual time=30624.295..30839.543 rows=378537 loops=1)
               Group Key: customer.c_custkey, customer.c_name, customer.c_acctbal, customer.c_phone, nation.n_name, customer.c_address, customer.c_comment
               Buffers: shared hit=885981 read=479830 dirtied=73 written=46
               ->  Hash Join  (cost=346391.65..2256198.82 rows=570816 width=175) (actual time=7039.095..28678.865 rows=1135442 loops=1)
                     Hash Cond: (customer.c_nationkey = nation.n_nationkey)
                     Buffers: shared hit=885981 read=479830 dirtied=73 written=46
                     ->  Hash Join  (cost=346390.09..2248348.53 rows=570816 width=153) (actual time=7039.065..28266.461 rows=1135442 loops=1)
                           Hash Cond: (orders.o_custkey = customer.c_custkey)
                           Buffers: shared hit=885980 read=479830 dirtied=73 written=46
                           ->  Hash Join  (cost=277362.09..2170758.29 rows=570816 width=12) (actual time=5762.810..26204.429 rows=1135442 loops=1)
                                 Hash Cond: (lineitem.l_orderkey = orders.o_orderkey)
                                 Buffers: shared hit=850702 read=479830 dirtied=73 written=46
                                 ->  Seq Scan on lineitem  (cost=0.00..1831520.45 rows=14978025 width=12) (actual time=0.014..17248.205 rows=14807964 loops=1)
                                       Filter: (l_returnflag = 'R'::bpchar)
                                       Rows Removed by Filter: 45175958
                                       Buffers: shared hit=670181 read=404792 dirtied=73
                                 ->  Hash  (cost=270152.13..270152.13 rows=576797 width=8) (actual time=5759.432..5759.432 rows=567736 loops=1)
                                       Buckets: 1048576  Batches: 1  Memory Usage: 30370kB
                                       Buffers: shared hit=180521 read=75038 written=46
                                       ->  Bitmap Heap Scan on orders  (cost=5952.17..270152.13 rows=576797 width=8) (actual time=27.745..5537.066 rows=567736 loops=1)
                                             Recheck Cond: ((o_orderdate >= '1993-04-01'::date) AND (o_orderdate < '1993-07-01'::date))
                                             Rows Removed by Index Recheck: 14432264
                                             Heap Blocks: lossy=255548
                                             Buffers: shared hit=180521 read=75038 written=46
                                             ->  Bitmap Index Scan on orders_o_orderkey_o_orderdate_brin_idx  (cost=0.00..5807.97 rows=576797 width=0) (actual time=27.574..27.574 rows=2556160 loops=1)
                                                   Index Cond: ((o_orderdate >= '1993-04-01'::date) AND (o_orderdate < '1993-07-01'::date))
                                                   Buffers: shared hit=2 read=9
                           ->  Hash  (cost=50278.00..50278.00 rows=1500000 width=145) (actual time=1270.157..1270.157 rows=1500000 loops=1)
                                 Buckets: 2097152  Batches: 1  Memory Usage: 281501kB
                                 Buffers: shared hit=35278
                                 ->  Seq Scan on customer  (cost=0.00..50278.00 rows=1500000 width=145) (actual time=0.007..504.483 rows=1500000 loops=1)
                                       Buffers: shared hit=35278
                     ->  Hash  (cost=1.25..1.25 rows=25 width=30) (actual time=0.019..0.019 rows=25 loops=1)
                           Buckets: 1024  Batches: 1  Memory Usage: 10kB
                           Buffers: shared hit=1
                           ->  Seq Scan on nation  (cost=0.00..1.25 rows=25 width=30) (actual time=0.004..0.007 rows=25 loops=1)
                                 Buffers: shared hit=1
 Planning time: 3.865 ms
 Execution time: 30990.569 ms
(45 rows)

COMMIT;
COMMIT
