BEGIN;
BEGIN
EXPLAIN (ANALYZE, BUFFERS)
select
	l_shipmode,
	sum(case
		when o_orderpriority = '1-URGENT'
			or o_orderpriority = '2-HIGH'
			then 1
		else 0
	end) as high_line_count,
	sum(case
		when o_orderpriority <> '1-URGENT'
			and o_orderpriority <> '2-HIGH'
			then 1
		else 0
	end) as low_line_count
from
	orders,
	lineitem
where
	o_orderkey = l_orderkey
	and l_shipmode in ('FOB', 'REG AIR')
	and l_commitdate < l_receiptdate
	and l_shipdate < l_commitdate
	and l_receiptdate >= date '1995-01-01'
	and l_receiptdate < date '1995-01-01' + interval '1 year'
group by
	l_shipmode
order by
	l_shipmode;
                                                                                                                              QUERY PLAN                                                                                                                              
----------------------------------------------------------------------------------------------------------------------------------------------------------------------------------------------------------------------------------------------------------------------
 Sort  (cost=3044031.20..3044031.21 rows=1 width=27) (actual time=32443.981..32443.981 rows=2 loops=1)
   Sort Key: lineitem.l_shipmode
   Sort Method: quicksort  Memory: 25kB
   Buffers: shared hit=1141511 read=187707 dirtied=255 written=2378
   ->  HashAggregate  (cost=3044031.18..3044031.19 rows=1 width=27) (actual time=32443.929..32443.929 rows=2 loops=1)
         Group Key: lineitem.l_shipmode
         Buffers: shared hit=1141506 read=187707 dirtied=255 written=2378
         ->  Hash Join  (cost=595494.80..3038942.27 rows=290795 width=27) (actual time=8900.289..32152.928 rows=312867 loops=1)
               Hash Cond: (lineitem.l_orderkey = orders.o_orderkey)
               Buffers: shared hit=1141506 read=187707 dirtied=255 written=2378
               ->  Seq Scan on lineitem  (cost=0.00..2434360.13 rows=290795 width=15) (actual time=0.186..22927.477 rows=312867 loops=1)
                     Filter: ((l_shipmode = ANY ('{FOB,"REG AIR"}'::bpchar[])) AND (l_commitdate < l_receiptdate) AND (l_shipdate < l_commitdate) AND (l_receiptdate >= '1995-01-01'::date) AND (l_receiptdate < '1996-01-01 00:00:00'::timestamp without time zone))
                     Rows Removed by Filter: 59731797
                     Buffers: shared hit=929609 read=144306
               ->  Hash  (cost=406494.91..406494.91 rows=15119991 width=20) (actual time=8854.948..8854.948 rows=15015000 loops=1)
                     Buckets: 16777216  Batches: 1  Memory Usage: 893553kB
                     Buffers: shared hit=211894 read=43401 dirtied=255 written=2378
                     ->  Seq Scan on orders  (cost=0.00..406494.91 rows=15119991 width=20) (actual time=0.011..4464.298 rows=15015000 loops=1)
                           Buffers: shared hit=211894 read=43401 dirtied=255 written=2378
 Planning time: 2.130 ms
 Execution time: 32449.890 ms
(21 rows)

COMMIT;
COMMIT
