BEGIN;
BEGIN
EXPLAIN (ANALYZE, BUFFERS)
select
	s_name,
	count(*) as numwait
from
	supplier,
	lineitem l1,
	orders,
	nation
where
	s_suppkey = l1.l_suppkey
	and o_orderkey = l1.l_orderkey
	and o_orderstatus = 'F'
	and l1.l_receiptdate > l1.l_commitdate
	and exists (
		select
			*
		from
			lineitem l2
		where
			l2.l_orderkey = l1.l_orderkey
			and l2.l_suppkey <> l1.l_suppkey
	)
	and not exists (
		select
			*
		from
			lineitem l3
		where
			l3.l_orderkey = l1.l_orderkey
			and l3.l_suppkey <> l1.l_suppkey
			and l3.l_receiptdate > l3.l_commitdate
	)
	and s_nationkey = n_nationkey
	and n_name = 'SAUDI ARABIA'
group by
	s_name
order by
	numwait desc,
	s_name
LIMIT 100;
                                                                                                  QUERY PLAN                                                                                                  
--------------------------------------------------------------------------------------------------------------------------------------------------------------------------------------------------------------
 Limit  (cost=2868055.78..2868055.79 rows=1 width=26) (actual time=40336.487..40336.504 rows=100 loops=1)
   Buffers: shared hit=13861709 read=541671
   ->  Sort  (cost=2868055.78..2868055.79 rows=1 width=26) (actual time=40336.486..40336.493 rows=100 loops=1)
         Sort Key: (count(*)), supplier.s_name
         Sort Method: top-N heapsort  Memory: 32kB
         Buffers: shared hit=13861709 read=541671
         ->  HashAggregate  (cost=2868055.76..2868055.77 rows=1 width=26) (actual time=40334.300..40335.348 rows=4009 loops=1)
               Group Key: supplier.s_name
               Buffers: shared hit=13861701 read=541671
               ->  Nested Loop Anti Join  (cost=2406.88..2868055.76 rows=1 width=26) (actual time=36.323..40285.859 rows=39439 loops=1)
                     Buffers: shared hit=13861701 read=541671
                     ->  Nested Loop Semi Join  (cost=2406.31..2868053.98 rows=1 width=34) (actual time=35.598..37436.722 rows=707440 loops=1)
                           Join Filter: (orders.o_orderkey = l2.l_orderkey)
                           Buffers: shared hit=10311251 read=539966
                           ->  Nested Loop  (cost=2405.75..2342502.41 rows=393294 width=38) (actual time=35.560..32821.431 rows=734389 loops=1)
                                 Buffers: shared hit=6710546 read=463240
                                 ->  Hash Join  (cost=2405.31..1917650.35 rows=806984 width=34) (actual time=35.503..25113.466 rows=1522128 loops=1)
                                       Hash Cond: (l1.l_suppkey = supplier.s_suppkey)
                                       Buffers: shared hit=663231 read=413927
                                       ->  Seq Scan on lineitem l1  (cost=0.00..1831520.45 rows=20174599 width=8) (actual time=0.013..18942.092 rows=37927367 loops=1)
                                             Filter: (l_receiptdate > l_commitdate)
                                             Rows Removed by Filter: 22056555
                                             Buffers: shared hit=661046 read=413927
                                       ->  Hash  (cost=2355.31..2355.31 rows=4000 width=30) (actual time=35.458..35.458 rows=4010 loops=1)
                                             Buckets: 4096  Batches: 1  Memory Usage: 283kB
                                             Buffers: shared hit=2182
                                             ->  Nested Loop  (cost=43.00..2355.31 rows=4000 width=30) (actual time=0.297..34.391 rows=4010 loops=1)
                                                   Buffers: shared hit=2182
                                                   ->  Seq Scan on nation  (cost=0.00..1.31 rows=1 width=4) (actual time=0.007..0.010 rows=1 loops=1)
                                                         Filter: (n_name = 'SAUDI ARABIA'::bpchar)
                                                         Rows Removed by Filter: 24
                                                         Buffers: shared hit=1
                                                   ->  Bitmap Heap Scan on supplier  (cost=43.00..2314.00 rows=4000 width=34) (actual time=0.282..33.697 rows=4010 loops=1)
                                                         Recheck Cond: (s_nationkey = nation.n_nationkey)
                                                         Rows Removed by Index Recheck: 95990
                                                         Heap Blocks: lossy=2179
                                                         Buffers: shared hit=2181
                                                         ->  Bitmap Index Scan on supplier_s_nationkey_s_suppkey_brin_idx  (cost=0.00..42.00 rows=4000 width=0) (actual time=0.246..0.246 rows=23040 loops=1)
                                                               Index Cond: (s_nationkey = nation.n_nationkey)
                                                               Buffers: shared hit=2
                                 ->  Index Scan using pk_orders on orders  (cost=0.43..0.52 rows=1 width=4) (actual time=0.004..0.005 rows=0 loops=1522128)
                                       Index Cond: (o_orderkey = l1.l_orderkey)
                                       Filter: (o_orderstatus = 'F'::bpchar)
                                       Rows Removed by Filter: 1
                                       Buffers: shared hit=6047315 read=49313
                           ->  Index Scan using pk_lineitem on lineitem l2  (cost=0.56..1.15 rows=15 width=8) (actual time=0.006..0.006 rows=1 loops=734389)
                                 Index Cond: (l_orderkey = l1.l_orderkey)
                                 Filter: (l_suppkey <> l1.l_suppkey)
                                 Rows Removed by Filter: 0
                                 Buffers: shared hit=3600705 read=76726
                     ->  Index Scan using pk_lineitem on lineitem l3  (cost=0.56..1.15 rows=5 width=8) (actual time=0.004..0.004 rows=1 loops=707440)
                           Index Cond: (l_orderkey = l1.l_orderkey)
                           Filter: ((l_receiptdate > l_commitdate) AND (l_suppkey <> l1.l_suppkey))
                           Rows Removed by Filter: 1
                           Buffers: shared hit=3550450 read=1705
 Planning time: 8.851 ms
 Execution time: 40336.803 ms
(57 rows)

COMMIT;
COMMIT
