BEGIN;
BEGIN
EXPLAIN (ANALYZE, BUFFERS)
select
	c_custkey,
	c_name,
	sum(l_extendedprice * (1 - l_discount)) as revenue,
	c_acctbal,
	n_name,
	c_address,
	c_phone,
	c_comment
from
	customer,
	orders,
	lineitem,
	nation
where
	c_custkey = o_custkey
	and l_orderkey = o_orderkey
	and o_orderdate >= date '1994-09-01'
	and o_orderdate < cast(date '1994-09-01' + interval '3 month' as date)
	and l_returnflag = 'R'
	and c_nationkey = n_nationkey
group by
	c_custkey,
	c_name,
	c_acctbal,
	c_phone,
	n_name,
	c_address,
	c_comment
order by
	revenue desc
LIMIT 20;
                                                                                               QUERY PLAN                                                                                                
---------------------------------------------------------------------------------------------------------------------------------------------------------------------------------------------------------
 Limit  (cost=2277853.66..2277853.71 rows=20 width=175) (actual time=30902.331..30902.336 rows=20 loops=1)
   Buffers: shared hit=1196752 read=161174 dirtied=117 written=124
   ->  Sort  (cost=2277853.66..2279266.08 rows=564968 width=175) (actual time=30902.328..30902.330 rows=20 loops=1)
         Sort Key: (sum((lineitem.l_extendedprice * (1::double precision - lineitem.l_discount))))
         Sort Method: top-N heapsort  Memory: 30kB
         Buffers: shared hit=1196752 read=161174 dirtied=117 written=124
         ->  HashAggregate  (cost=2257170.39..2262820.07 rows=564968 width=175) (actual time=30546.371..30761.576 rows=378779 loops=1)
               Group Key: customer.c_custkey, customer.c_name, customer.c_acctbal, customer.c_phone, nation.n_name, customer.c_address, customer.c_comment
               Buffers: shared hit=1196749 read=161174 dirtied=117 written=124
               ->  Hash Join  (cost=344648.05..2243046.19 rows=564968 width=175) (actual time=8720.638..28732.030 rows=1136831 loops=1)
                     Hash Cond: (customer.c_nationkey = nation.n_nationkey)
                     Buffers: shared hit=1196749 read=161174 dirtied=117 written=124
                     ->  Hash Join  (cost=344646.49..2235276.32 rows=564968 width=153) (actual time=8720.609..28334.664 rows=1136831 loops=1)
                           Hash Cond: (orders.o_custkey = customer.c_custkey)
                           Buffers: shared hit=1196748 read=161174 dirtied=117 written=124
                           ->  Hash Join  (cost=275618.49..2157773.80 rows=564968 width=12) (actual time=7409.350..26354.167 rows=1136831 loops=1)
                                 Hash Cond: (lineitem.l_orderkey = orders.o_orderkey)
                                 Buffers: shared hit=1161470 read=161174 dirtied=117 written=124
                                 ->  Seq Scan on lineitem  (cost=0.00..1820670.76 rows=14889297 width=12) (actual time=0.054..16053.170 rows=14823192 loops=1)
                                       Filter: (l_returnflag = 'R'::bpchar)
                                       Rows Removed by Filter: 45222187
                                       Buffers: shared hit=1068452 read=153
                                 ->  Hash  (cost=268482.57..268482.57 rows=570874 width=8) (actual time=7405.998..7405.998 rows=568338 loops=1)
                                       Buckets: 1048576  Batches: 1  Memory Usage: 30393kB
                                       Buffers: shared hit=93018 read=161021 dirtied=117 written=124
                                       ->  Bitmap Heap Scan on orders  (cost=5891.46..268482.57 rows=570874 width=8) (actual time=27.609..7177.158 rows=568338 loops=1)
                                             Recheck Cond: ((o_orderdate >= '1994-09-01'::date) AND (o_orderdate < '1994-12-01'::date))
                                             Rows Removed by Index Recheck: 14446662
                                             Heap Blocks: lossy=254028
                                             Buffers: shared hit=93018 read=161021 dirtied=117 written=124
                                             ->  Bitmap Index Scan on orders_o_orderkey_o_orderdate_brin_idx  (cost=0.00..5748.74 rows=570874 width=0) (actual time=27.381..27.381 rows=2540800 loops=1)
                                                   Index Cond: ((o_orderdate >= '1994-09-01'::date) AND (o_orderdate < '1994-12-01'::date))
                                                   Buffers: shared hit=3 read=8
                           ->  Hash  (cost=50278.00..50278.00 rows=1500000 width=145) (actual time=1305.226..1305.226 rows=1500000 loops=1)
                                 Buckets: 2097152  Batches: 1  Memory Usage: 281501kB
                                 Buffers: shared hit=35278
                                 ->  Seq Scan on customer  (cost=0.00..50278.00 rows=1500000 width=145) (actual time=0.008..541.927 rows=1500000 loops=1)
                                       Buffers: shared hit=35278
                     ->  Hash  (cost=1.25..1.25 rows=25 width=30) (actual time=0.019..0.019 rows=25 loops=1)
                           Buckets: 1024  Batches: 1  Memory Usage: 10kB
                           Buffers: shared hit=1
                           ->  Seq Scan on nation  (cost=0.00..1.25 rows=25 width=30) (actual time=0.005..0.009 rows=25 loops=1)
                                 Buffers: shared hit=1
 Planning time: 3.602 ms
 Execution time: 30910.752 ms
(45 rows)

COMMIT;
COMMIT
