BEGIN;
BEGIN
EXPLAIN (ANALYZE, BUFFERS)
select
	s_name,
	count(*) as numwait
from
	supplier,
	lineitem l1,
	orders,
	nation
where
	s_suppkey = l1.l_suppkey
	and o_orderkey = l1.l_orderkey
	and o_orderstatus = 'F'
	and l1.l_receiptdate > l1.l_commitdate
	and exists (
		select
			*
		from
			lineitem l2
		where
			l2.l_orderkey = l1.l_orderkey
			and l2.l_suppkey <> l1.l_suppkey
	)
	and not exists (
		select
			*
		from
			lineitem l3
		where
			l3.l_orderkey = l1.l_orderkey
			and l3.l_suppkey <> l1.l_suppkey
			and l3.l_receiptdate > l3.l_commitdate
	)
	and s_nationkey = n_nationkey
	and n_name = 'PERU'
group by
	s_name
order by
	numwait desc,
	s_name
LIMIT 100;
                                                                                                  QUERY PLAN                                                                                                  
--------------------------------------------------------------------------------------------------------------------------------------------------------------------------------------------------------------
 Limit  (cost=2868055.78..2868055.79 rows=1 width=26) (actual time=38512.478..38512.495 rows=100 loops=1)
   Buffers: shared hit=14038746 read=301460 written=29
   ->  Sort  (cost=2868055.78..2868055.79 rows=1 width=26) (actual time=38512.476..38512.483 rows=100 loops=1)
         Sort Key: (count(*)), supplier.s_name
         Sort Method: top-N heapsort  Memory: 32kB
         Buffers: shared hit=14038746 read=301460 written=29
         ->  HashAggregate  (cost=2868055.76..2868055.77 rows=1 width=26) (actual time=38510.273..38511.298 rows=3991 loops=1)
               Group Key: supplier.s_name
               Buffers: shared hit=14038738 read=301460 written=29
               ->  Nested Loop Anti Join  (cost=2406.88..2868055.76 rows=1 width=26) (actual time=36.245..38458.989 rows=39286 loops=1)
                     Buffers: shared hit=14038738 read=301460 written=29
                     ->  Nested Loop Semi Join  (cost=2406.31..2868053.98 rows=1 width=34) (actual time=34.154..35685.378 rows=704383 loops=1)
                           Join Filter: (orders.o_orderkey = l2.l_orderkey)
                           Buffers: shared hit=10502637 read=300705 written=29
                           ->  Nested Loop  (cost=2405.75..2342502.41 rows=393294 width=38) (actual time=34.080..31487.632 rows=731058 loops=1)
                                 Buffers: shared hit=6890049 read=252588 written=20
                                 ->  Hash Join  (cost=2405.31..1917650.35 rows=806984 width=34) (actual time=33.955..23448.912 rows=1514319 loops=1)
                                       Hash Cond: (l1.l_suppkey = supplier.s_suppkey)
                                       Buffers: shared hit=927334 read=149824
                                       ->  Seq Scan on lineitem l1  (cost=0.00..1831520.45 rows=20174599 width=8) (actual time=0.013..17434.413 rows=37927367 loops=1)
                                             Filter: (l_receiptdate > l_commitdate)
                                             Rows Removed by Filter: 22056555
                                             Buffers: shared hit=925150 read=149823
                                       ->  Hash  (cost=2355.31..2355.31 rows=4000 width=30) (actual time=33.876..33.876 rows=3991 loops=1)
                                             Buckets: 4096  Batches: 1  Memory Usage: 282kB
                                             Buffers: shared hit=2181 read=1
                                             ->  Nested Loop  (cost=43.00..2355.31 rows=4000 width=30) (actual time=0.294..32.821 rows=3991 loops=1)
                                                   Buffers: shared hit=2181 read=1
                                                   ->  Seq Scan on nation  (cost=0.00..1.31 rows=1 width=4) (actual time=0.008..0.012 rows=1 loops=1)
                                                         Filter: (n_name = 'PERU'::bpchar)
                                                         Rows Removed by Filter: 24
                                                         Buffers: shared hit=1
                                                   ->  Bitmap Heap Scan on supplier  (cost=43.00..2314.00 rows=4000 width=34) (actual time=0.279..32.127 rows=3991 loops=1)
                                                         Recheck Cond: (s_nationkey = nation.n_nationkey)
                                                         Rows Removed by Index Recheck: 96009
                                                         Heap Blocks: lossy=2179
                                                         Buffers: shared hit=2180 read=1
                                                         ->  Bitmap Index Scan on supplier_s_nationkey_s_suppkey_brin_idx  (cost=0.00..42.00 rows=4000 width=0) (actual time=0.267..0.267 rows=23040 loops=1)
                                                               Index Cond: (s_nationkey = nation.n_nationkey)
                                                               Buffers: shared hit=1 read=1
                                 ->  Index Scan using pk_orders on orders  (cost=0.43..0.52 rows=1 width=4) (actual time=0.005..0.005 rows=0 loops=1514319)
                                       Index Cond: (o_orderkey = l1.l_orderkey)
                                       Filter: (o_orderstatus = 'F'::bpchar)
                                       Rows Removed by Filter: 1
                                       Buffers: shared hit=5962715 read=102764 written=20
                           ->  Index Scan using pk_lineitem on lineitem l2  (cost=0.56..1.15 rows=15 width=8) (actual time=0.005..0.005 rows=1 loops=731058)
                                 Index Cond: (l_orderkey = l1.l_orderkey)
                                 Filter: (l_suppkey <> l1.l_suppkey)
                                 Rows Removed by Filter: 0
                                 Buffers: shared hit=3612588 read=48117 written=9
                     ->  Index Scan using pk_lineitem on lineitem l3  (cost=0.56..1.15 rows=5 width=8) (actual time=0.003..0.003 rows=1 loops=704383)
                           Index Cond: (l_orderkey = l1.l_orderkey)
                           Filter: ((l_receiptdate > l_commitdate) AND (l_suppkey <> l1.l_suppkey))
                           Rows Removed by Filter: 1
                           Buffers: shared hit=3536101 read=755
 Planning time: 8.922 ms
 Execution time: 38512.805 ms
(57 rows)

COMMIT;
COMMIT
