BEGIN;
BEGIN
EXPLAIN (ANALYZE, BUFFERS)
select
	c_custkey,
	c_name,
	sum(l_extendedprice * (1 - l_discount)) as revenue,
	c_acctbal,
	n_name,
	c_address,
	c_phone,
	c_comment
from
	customer,
	orders,
	lineitem,
	nation
where
	c_custkey = o_custkey
	and l_orderkey = o_orderkey
	and o_orderdate >= date '1994-07-01'
	and o_orderdate < cast(date '1994-07-01' + interval '3 month' as date)
	and l_returnflag = 'R'
	and c_nationkey = n_nationkey
group by
	c_custkey,
	c_name,
	c_acctbal,
	c_phone,
	n_name,
	c_address,
	c_comment
order by
	revenue desc
LIMIT 20;
                                                                                               QUERY PLAN                                                                                                
---------------------------------------------------------------------------------------------------------------------------------------------------------------------------------------------------------
 Limit  (cost=2291710.35..2291710.40 rows=20 width=175) (actual time=31764.182..31764.187 rows=20 loops=1)
   Buffers: shared hit=822854 read=542960 written=95
   ->  Sort  (cost=2291710.35..2293143.60 rows=573298 width=175) (actual time=31764.178..31764.181 rows=20 loops=1)
         Sort Key: (sum((lineitem.l_extendedprice * (1::double precision - lineitem.l_discount))))
         Sort Method: top-N heapsort  Memory: 30kB
         Buffers: shared hit=822854 read=542960 written=95
         ->  HashAggregate  (cost=2270722.12..2276455.10 rows=573298 width=175) (actual time=31418.080..31623.625 rows=381185 loops=1)
               Group Key: customer.c_custkey, customer.c_name, customer.c_acctbal, customer.c_phone, nation.n_name, customer.c_address, customer.c_comment
               Buffers: shared hit=822851 read=542960 written=95
               ->  Hash Join  (cost=346486.33..2256389.67 rows=573298 width=175) (actual time=7112.536..29427.019 rows=1145847 loops=1)
                     Hash Cond: (customer.c_nationkey = nation.n_nationkey)
                     Buffers: shared hit=822851 read=542960 written=95
                     ->  Hash Join  (cost=346484.77..2248505.26 rows=573298 width=153) (actual time=7112.507..29009.740 rows=1145847 loops=1)
                           Hash Cond: (orders.o_custkey = customer.c_custkey)
                           Buffers: shared hit=822850 read=542960 written=95
                           ->  Hash Join  (cost=277456.77..2170877.79 rows=573298 width=12) (actual time=5539.195..26582.853 rows=1145847 loops=1)
                                 Hash Cond: (lineitem.l_orderkey = orders.o_orderkey)
                                 Buffers: shared hit=822848 read=507684 written=30
                                 ->  Seq Scan on lineitem  (cost=0.00..1831520.45 rows=14978025 width=12) (actual time=0.028..17555.067 rows=14807964 loops=1)
                                       Filter: (l_returnflag = 'R'::bpchar)
                                       Rows Removed by Filter: 45175958
                                       Buffers: shared hit=618336 read=456637
                                 ->  Hash  (cost=270215.45..270215.45 rows=579305 width=8) (actual time=5535.840..5535.840 rows=573320 loops=1)
                                       Buckets: 1048576  Batches: 1  Memory Usage: 30588kB
                                       Buffers: shared hit=204512 read=51047 written=30
                                       ->  Bitmap Heap Scan on orders  (cost=5977.88..270215.45 rows=579305 width=8) (actual time=27.696..5344.810 rows=573320 loops=1)
                                             Recheck Cond: ((o_orderdate >= '1994-07-01'::date) AND (o_orderdate < '1994-10-01'::date))
                                             Rows Removed by Index Recheck: 14426680
                                             Heap Blocks: lossy=255548
                                             Buffers: shared hit=204512 read=51047 written=30
                                             ->  Bitmap Index Scan on orders_o_orderkey_o_orderdate_brin_idx  (cost=0.00..5833.05 rows=579305 width=0) (actual time=27.522..27.522 rows=2556160 loops=1)
                                                   Index Cond: ((o_orderdate >= '1994-07-01'::date) AND (o_orderdate < '1994-10-01'::date))
                                                   Buffers: shared hit=3 read=8
                           ->  Hash  (cost=50278.00..50278.00 rows=1500000 width=145) (actual time=1567.158..1567.158 rows=1500000 loops=1)
                                 Buckets: 2097152  Batches: 1  Memory Usage: 281501kB
                                 Buffers: shared hit=2 read=35276 written=65
                                 ->  Seq Scan on customer  (cost=0.00..50278.00 rows=1500000 width=145) (actual time=0.006..785.026 rows=1500000 loops=1)
                                       Buffers: shared hit=2 read=35276 written=65
                     ->  Hash  (cost=1.25..1.25 rows=25 width=30) (actual time=0.018..0.018 rows=25 loops=1)
                           Buckets: 1024  Batches: 1  Memory Usage: 10kB
                           Buffers: shared hit=1
                           ->  Seq Scan on nation  (cost=0.00..1.25 rows=25 width=30) (actual time=0.004..0.007 rows=25 loops=1)
                                 Buffers: shared hit=1
 Planning time: 3.957 ms
 Execution time: 31773.506 ms
(45 rows)

COMMIT;
COMMIT
