BEGIN;
BEGIN
EXPLAIN (ANALYZE, BUFFERS)
select
	l_shipmode,
	sum(case
		when o_orderpriority = '1-URGENT'
			or o_orderpriority = '2-HIGH'
			then 1
		else 0
	end) as high_line_count,
	sum(case
		when o_orderpriority <> '1-URGENT'
			and o_orderpriority <> '2-HIGH'
			then 1
		else 0
	end) as low_line_count
from
	orders,
	lineitem
where
	o_orderkey = l_orderkey
	and l_shipmode in ('REG AIR', 'MAIL')
	and l_commitdate < l_receiptdate
	and l_shipdate < l_commitdate
	and l_receiptdate >= date '1993-01-01'
	and l_receiptdate < date '1993-01-01' + interval '1 year'
group by
	l_shipmode
order by
	l_shipmode;
                                                                                                                              QUERY PLAN                                                                                                                               
-----------------------------------------------------------------------------------------------------------------------------------------------------------------------------------------------------------------------------------------------------------------------
 Sort  (cost=3047192.25..3047192.25 rows=1 width=27) (actual time=34322.461..34322.462 rows=2 loops=1)
   Sort Key: lineitem.l_shipmode
   Sort Method: quicksort  Memory: 25kB
   Buffers: shared hit=571758 read=758771 written=22
   ->  HashAggregate  (cost=3047192.23..3047192.24 rows=1 width=27) (actual time=34322.408..34322.409 rows=2 loops=1)
         Group Key: lineitem.l_shipmode
         Buffers: shared hit=571753 read=758771 written=22
         ->  Hash Join  (cost=596084.94..3042041.35 rows=294336 width=27) (actual time=9662.277..33990.572 rows=312344 loops=1)
               Hash Cond: (lineitem.l_orderkey = orders.o_orderkey)
               Buffers: shared hit=571753 read=758771 written=22
               ->  Seq Scan on lineitem  (cost=0.00..2436758.41 rows=294336 width=15) (actual time=0.063..23982.995 rows=312344 loops=1)
                     Filter: ((l_shipmode = ANY ('{"REG AIR",MAIL}'::bpchar[])) AND (l_commitdate < l_receiptdate) AND (l_shipdate < l_commitdate) AND (l_receiptdate >= '1993-01-01'::date) AND (l_receiptdate < '1994-01-01 00:00:00'::timestamp without time zone))
                     Rows Removed by Filter: 59671578
                     Buffers: shared hit=457495 read=617478
               ->  Hash  (cost=406897.75..406897.75 rows=15134975 width=20) (actual time=9616.779..9616.779 rows=15000000 loops=1)
                     Buckets: 16777216  Batches: 1  Memory Usage: 892791kB
                     Buffers: shared hit=114255 read=141293 written=22
                     ->  Seq Scan on orders  (cost=0.00..406897.75 rows=15134975 width=20) (actual time=0.011..4955.635 rows=15000000 loops=1)
                           Buffers: shared hit=114255 read=141293 written=22
 Planning time: 2.460 ms
 Execution time: 34327.122 ms
(21 rows)

COMMIT;
COMMIT
