BEGIN;
BEGIN
EXPLAIN (ANALYZE, BUFFERS)
select
	s_name,
	count(*) as numwait
from
	supplier,
	lineitem l1,
	orders,
	nation
where
	s_suppkey = l1.l_suppkey
	and o_orderkey = l1.l_orderkey
	and o_orderstatus = 'F'
	and l1.l_receiptdate > l1.l_commitdate
	and exists (
		select
			*
		from
			lineitem l2
		where
			l2.l_orderkey = l1.l_orderkey
			and l2.l_suppkey <> l1.l_suppkey
	)
	and not exists (
		select
			*
		from
			lineitem l3
		where
			l3.l_orderkey = l1.l_orderkey
			and l3.l_suppkey <> l1.l_suppkey
			and l3.l_receiptdate > l3.l_commitdate
	)
	and s_nationkey = n_nationkey
	and n_name = 'CANADA'
group by
	s_name
order by
	numwait desc,
	s_name
LIMIT 100;
                                                                                                  QUERY PLAN                                                                                                  
--------------------------------------------------------------------------------------------------------------------------------------------------------------------------------------------------------------
 Limit  (cost=2850977.40..2850977.41 rows=1 width=26) (actual time=41446.799..41446.816 rows=100 loops=1)
   Buffers: shared hit=13926914 read=615755 written=3027
   ->  Sort  (cost=2850977.40..2850977.41 rows=1 width=26) (actual time=41446.798..41446.804 rows=100 loops=1)
         Sort Key: (count(*)), supplier.s_name
         Sort Method: top-N heapsort  Memory: 32kB
         Buffers: shared hit=13926914 read=615755 written=3027
         ->  HashAggregate  (cost=2850977.38..2850977.39 rows=1 width=26) (actual time=41444.274..41445.642 rows=4054 loops=1)
               Group Key: supplier.s_name
               Buffers: shared hit=13926906 read=615755 written=3027
               ->  Nested Loop Anti Join  (cost=2406.88..2850977.38 rows=1 width=26) (actual time=36.054..41389.084 rows=40136 loops=1)
                     Buffers: shared hit=13926906 read=615755 written=3027
                     ->  Nested Loop Semi Join  (cost=2406.31..2850975.59 rows=1 width=34) (actual time=35.510..38594.779 rows=715966 loops=1)
                           Join Filter: (orders.o_orderkey = l2.l_orderkey)
                           Buffers: shared hit=10333801 read=613968 written=3021
                           ->  Nested Loop  (cost=2405.75..2328599.52 rows=390965 width=38) (actual time=35.476..34201.486 rows=743240 loops=1)
                                 Buffers: shared hit=6699546 read=526408 written=2988
                                 ->  Hash Join  (cost=2405.31..1906304.68 rows=802203 width=34) (actual time=35.390..24967.784 rows=1536688 loops=1)
                                       Hash Cond: (l1.l_suppkey = supplier.s_suppkey)
                                       Buffers: shared hit=663912 read=406878 written=29
                                       ->  Seq Scan on lineitem l1  (cost=0.00..1820670.76 rows=20055087 width=8) (actual time=0.015..18495.769 rows=37928885 loops=1)
                                             Filter: (l_receiptdate > l_commitdate)
                                             Rows Removed by Filter: 22056768
                                             Buffers: shared hit=661728 read=406877 written=29
                                       ->  Hash  (cost=2355.31..2355.31 rows=4000 width=30) (actual time=35.338..35.338 rows=4054 loops=1)
                                             Buckets: 4096  Batches: 1  Memory Usage: 286kB
                                             Buffers: shared hit=2181 read=1
                                             ->  Nested Loop  (cost=43.00..2355.31 rows=4000 width=30) (actual time=0.292..34.247 rows=4054 loops=1)
                                                   Buffers: shared hit=2181 read=1
                                                   ->  Seq Scan on nation  (cost=0.00..1.31 rows=1 width=4) (actual time=0.004..0.011 rows=1 loops=1)
                                                         Filter: (n_name = 'CANADA'::bpchar)
                                                         Rows Removed by Filter: 24
                                                         Buffers: shared hit=1
                                                   ->  Bitmap Heap Scan on supplier  (cost=43.00..2314.00 rows=4000 width=34) (actual time=0.280..33.578 rows=4054 loops=1)
                                                         Recheck Cond: (s_nationkey = nation.n_nationkey)
                                                         Rows Removed by Index Recheck: 95946
                                                         Heap Blocks: lossy=2179
                                                         Buffers: shared hit=2180 read=1
                                                         ->  Bitmap Index Scan on supplier_s_nationkey_s_suppkey_brin_idx  (cost=0.00..42.00 rows=4000 width=0) (actual time=0.263..0.263 rows=23040 loops=1)
                                                               Index Cond: (s_nationkey = nation.n_nationkey)
                                                               Buffers: shared hit=1 read=1
                                 ->  Index Scan using pk_orders on orders  (cost=0.43..0.52 rows=1 width=4) (actual time=0.005..0.005 rows=0 loops=1536688)
                                       Index Cond: (o_orderkey = l1.l_orderkey)
                                       Filter: (o_orderstatus = 'F'::bpchar)
                                       Rows Removed by Filter: 1
                                       Buffers: shared hit=6035634 read=119530 written=2959
                           ->  Index Scan using pk_lineitem on lineitem l2  (cost=0.56..1.15 rows=15 width=8) (actual time=0.005..0.005 rows=1 loops=743240)
                                 Index Cond: (l_orderkey = l1.l_orderkey)
                                 Filter: (l_suppkey <> l1.l_suppkey)
                                 Rows Removed by Filter: 0
                                 Buffers: shared hit=3634255 read=87560 written=33
                     ->  Index Scan using pk_lineitem on lineitem l3  (cost=0.56..1.15 rows=5 width=8) (actual time=0.003..0.003 rows=1 loops=715966)
                           Index Cond: (l_orderkey = l1.l_orderkey)
                           Filter: ((l_receiptdate > l_commitdate) AND (l_suppkey <> l1.l_suppkey))
                           Rows Removed by Filter: 1
                           Buffers: shared hit=3593105 read=1787 written=6
 Planning time: 9.013 ms
 Execution time: 41447.124 ms
(57 rows)

COMMIT;
COMMIT
